============================= test session starts ==============================
platform darwin -- Python 3.11.0, pytest-8.4.2, pluggy-1.6.0 -- /Library/Frameworks/Python.framework/Versions/3.11/bin/python3.11
cachedir: .pytest_cache
rootdir: /Users/likhith./Startup_Scope_AI
plugins: asyncio-1.1.0, mock-3.14.1, anyio-3.7.1
asyncio: mode=Mode.STRICT, asyncio_default_fixture_loop_scope=None, asyncio_default_test_loop_scope=function
collecting ... collected 10 items

realtime_groups/backend/tests/test_social.py::TestReputationEngine::test_add_karma_positive ERROR [ 10%]
realtime_groups/backend/tests/test_social.py::TestReputationEngine::test_karma_floored_at_zero ERROR [ 20%]
realtime_groups/backend/tests/test_social.py::TestReputationEngine::test_profile_not_found_raises ERROR [ 30%]
realtime_groups/backend/tests/test_social.py::TestArenaPublish::test_publish_success ERROR [ 40%]
realtime_groups/backend/tests/test_social.py::TestArenaPublish::test_publish_wrong_owner_forbidden ERROR [ 50%]
realtime_groups/backend/tests/test_social.py::TestArenaPublish::test_publish_pending_validation_rejected ERROR [ 60%]
realtime_groups/backend/tests/test_social.py::TestPollVoting::test_poll_vote_registers ERROR [ 70%]
realtime_groups/backend/tests/test_social.py::TestPollVoting::test_poll_double_vote_rejected ERROR [ 80%]
realtime_groups/backend/tests/test_social.py::TestAIModerator::test_groq_catches_toxic_content ERROR [ 90%]
realtime_groups/backend/tests/test_social.py::TestAIModerator::test_clean_content_no_action ERROR [100%]

==================================== ERRORS ====================================
________ ERROR at setup of TestReputationEngine.test_add_karma_positive ________

    @pytest.fixture
    def mock_supabase():
        """Mock Supabase client for all tests. Never hits real DB."""
>       with patch("realtime_groups.backend.core.supabase_client.get_supabase") as mock:

realtime_groups/backend/tests/test_social.py:23: 
_ _ _ _ _ _ _ _ _ _ _ _ _ _ _ _ _ _ _ _ _ _ _ _ _ _ _ _ _ _ _ _ _ _ _ _ _ _ _ _ 
/Library/Frameworks/Python.framework/Versions/3.11/lib/python3.11/unittest/mock.py:1411: in __enter__
    self.target = self.getter()
                  ^^^^^^^^^^^^^
/Library/Frameworks/Python.framework/Versions/3.11/lib/python3.11/pkgutil.py:700: in resolve_name
    mod = importlib.import_module(modname)
          ^^^^^^^^^^^^^^^^^^^^^^^^^^^^^^^^
/Library/Frameworks/Python.framework/Versions/3.11/lib/python3.11/importlib/__init__.py:126: in import_module
    return _bootstrap._gcd_import(name[level:], package, level)
           ^^^^^^^^^^^^^^^^^^^^^^^^^^^^^^^^^^^^^^^^^^^^^^^^^^^^
<frozen importlib._bootstrap>:1206: in _gcd_import
    ???
<frozen importlib._bootstrap>:1178: in _find_and_load
    ???
_ _ _ _ _ _ _ _ _ _ _ _ _ _ _ _ _ _ _ _ _ _ _ _ _ _ _ _ _ _ _ _ _ _ _ _ _ _ _ _ 

name = 'realtime_groups', import_ = <function _gcd_import at 0x104903d80>

>   ???
E   ModuleNotFoundError: No module named 'realtime_groups'

<frozen importlib._bootstrap>:1142: ModuleNotFoundError
______ ERROR at setup of TestReputationEngine.test_karma_floored_at_zero _______

    @pytest.fixture
    def mock_supabase():
        """Mock Supabase client for all tests. Never hits real DB."""
>       with patch("realtime_groups.backend.core.supabase_client.get_supabase") as mock:

realtime_groups/backend/tests/test_social.py:23: 
_ _ _ _ _ _ _ _ _ _ _ _ _ _ _ _ _ _ _ _ _ _ _ _ _ _ _ _ _ _ _ _ _ _ _ _ _ _ _ _ 
/Library/Frameworks/Python.framework/Versions/3.11/lib/python3.11/unittest/mock.py:1411: in __enter__
    self.target = self.getter()
                  ^^^^^^^^^^^^^
/Library/Frameworks/Python.framework/Versions/3.11/lib/python3.11/pkgutil.py:700: in resolve_name
    mod = importlib.import_module(modname)
          ^^^^^^^^^^^^^^^^^^^^^^^^^^^^^^^^
/Library/Frameworks/Python.framework/Versions/3.11/lib/python3.11/importlib/__init__.py:126: in import_module
    return _bootstrap._gcd_import(name[level:], package, level)
           ^^^^^^^^^^^^^^^^^^^^^^^^^^^^^^^^^^^^^^^^^^^^^^^^^^^^
<frozen importlib._bootstrap>:1206: in _gcd_import
    ???
<frozen importlib._bootstrap>:1178: in _find_and_load
    ???
_ _ _ _ _ _ _ _ _ _ _ _ _ _ _ _ _ _ _ _ _ _ _ _ _ _ _ _ _ _ _ _ _ _ _ _ _ _ _ _ 

name = 'realtime_groups', import_ = <function _gcd_import at 0x104903d80>

>   ???
E   ModuleNotFoundError: No module named 'realtime_groups'

<frozen importlib._bootstrap>:1142: ModuleNotFoundError
_____ ERROR at setup of TestReputationEngine.test_profile_not_found_raises _____

    @pytest.fixture
    def mock_supabase():
        """Mock Supabase client for all tests. Never hits real DB."""
>       with patch("realtime_groups.backend.core.supabase_client.get_supabase") as mock:

realtime_groups/backend/tests/test_social.py:23: 
_ _ _ _ _ _ _ _ _ _ _ _ _ _ _ _ _ _ _ _ _ _ _ _ _ _ _ _ _ _ _ _ _ _ _ _ _ _ _ _ 
/Library/Frameworks/Python.framework/Versions/3.11/lib/python3.11/unittest/mock.py:1411: in __enter__
    self.target = self.getter()
                  ^^^^^^^^^^^^^
/Library/Frameworks/Python.framework/Versions/3.11/lib/python3.11/pkgutil.py:700: in resolve_name
    mod = importlib.import_module(modname)
          ^^^^^^^^^^^^^^^^^^^^^^^^^^^^^^^^
/Library/Frameworks/Python.framework/Versions/3.11/lib/python3.11/importlib/__init__.py:126: in import_module
    return _bootstrap._gcd_import(name[level:], package, level)
           ^^^^^^^^^^^^^^^^^^^^^^^^^^^^^^^^^^^^^^^^^^^^^^^^^^^^
<frozen importlib._bootstrap>:1206: in _gcd_import
    ???
<frozen importlib._bootstrap>:1178: in _find_and_load
    ???
_ _ _ _ _ _ _ _ _ _ _ _ _ _ _ _ _ _ _ _ _ _ _ _ _ _ _ _ _ _ _ _ _ _ _ _ _ _ _ _ 

name = 'realtime_groups', import_ = <function _gcd_import at 0x104903d80>

>   ???
E   ModuleNotFoundError: No module named 'realtime_groups'

<frozen importlib._bootstrap>:1142: ModuleNotFoundError
___________ ERROR at setup of TestArenaPublish.test_publish_success ____________

self = <backend.tests.test_social.TestArenaPublish object at 0x107b90910>

    @pytest.fixture
    def client(self):
>       from realtime_groups.backend.api.arena_router import router
E       ModuleNotFoundError: No module named 'realtime_groups'

realtime_groups/backend/tests/test_social.py:117: ModuleNotFoundError
____ ERROR at setup of TestArenaPublish.test_publish_wrong_owner_forbidden _____

self = <backend.tests.test_social.TestArenaPublish object at 0x107b91010>

    @pytest.fixture
    def client(self):
>       from realtime_groups.backend.api.arena_router import router
E       ModuleNotFoundError: No module named 'realtime_groups'

realtime_groups/backend/tests/test_social.py:117: ModuleNotFoundError
_ ERROR at setup of TestArenaPublish.test_publish_pending_validation_rejected __

self = <backend.tests.test_social.TestArenaPublish object at 0x107b91310>

    @pytest.fixture
    def client(self):
>       from realtime_groups.backend.api.arena_router import router
E       ModuleNotFoundError: No module named 'realtime_groups'

realtime_groups/backend/tests/test_social.py:117: ModuleNotFoundError
__________ ERROR at setup of TestPollVoting.test_poll_vote_registers ___________

self = <backend.tests.test_social.TestPollVoting object at 0x107b91850>

    @pytest.fixture
    def client(self):
>       from realtime_groups.backend.api.arena_router import router
E       ModuleNotFoundError: No module named 'realtime_groups'

realtime_groups/backend/tests/test_social.py:190: ModuleNotFoundError
_______ ERROR at setup of TestPollVoting.test_poll_double_vote_rejected ________

self = <backend.tests.test_social.TestPollVoting object at 0x107b91c50>

    @pytest.fixture
    def client(self):
>       from realtime_groups.backend.api.arena_router import router
E       ModuleNotFoundError: No module named 'realtime_groups'

realtime_groups/backend/tests/test_social.py:190: ModuleNotFoundError
______ ERROR at setup of TestAIModerator.test_groq_catches_toxic_content _______

    @pytest.fixture
    def mock_supabase():
        """Mock Supabase client for all tests. Never hits real DB."""
>       with patch("realtime_groups.backend.core.supabase_client.get_supabase") as mock:

realtime_groups/backend/tests/test_social.py:23: 
_ _ _ _ _ _ _ _ _ _ _ _ _ _ _ _ _ _ _ _ _ _ _ _ _ _ _ _ _ _ _ _ _ _ _ _ _ _ _ _ 
/Library/Frameworks/Python.framework/Versions/3.11/lib/python3.11/unittest/mock.py:1411: in __enter__
    self.target = self.getter()
                  ^^^^^^^^^^^^^
/Library/Frameworks/Python.framework/Versions/3.11/lib/python3.11/pkgutil.py:700: in resolve_name
    mod = importlib.import_module(modname)
          ^^^^^^^^^^^^^^^^^^^^^^^^^^^^^^^^
/Library/Frameworks/Python.framework/Versions/3.11/lib/python3.11/importlib/__init__.py:126: in import_module
    return _bootstrap._gcd_import(name[level:], package, level)
           ^^^^^^^^^^^^^^^^^^^^^^^^^^^^^^^^^^^^^^^^^^^^^^^^^^^^
<frozen importlib._bootstrap>:1206: in _gcd_import
    ???
<frozen importlib._bootstrap>:1178: in _find_and_load
    ???
_ _ _ _ _ _ _ _ _ _ _ _ _ _ _ _ _ _ _ _ _ _ _ _ _ _ _ _ _ _ _ _ _ _ _ _ _ _ _ _ 

name = 'realtime_groups', import_ = <function _gcd_import at 0x104903d80>

>   ???
E   ModuleNotFoundError: No module named 'realtime_groups'

<frozen importlib._bootstrap>:1142: ModuleNotFoundError
________ ERROR at setup of TestAIModerator.test_clean_content_no_action ________

    @pytest.fixture
    def mock_supabase():
        """Mock Supabase client for all tests. Never hits real DB."""
>       with patch("realtime_groups.backend.core.supabase_client.get_supabase") as mock:

realtime_groups/backend/tests/test_social.py:23: 
_ _ _ _ _ _ _ _ _ _ _ _ _ _ _ _ _ _ _ _ _ _ _ _ _ _ _ _ _ _ _ _ _ _ _ _ _ _ _ _ 
/Library/Frameworks/Python.framework/Versions/3.11/lib/python3.11/unittest/mock.py:1411: in __enter__
    self.target = self.getter()
                  ^^^^^^^^^^^^^
/Library/Frameworks/Python.framework/Versions/3.11/lib/python3.11/pkgutil.py:700: in resolve_name
    mod = importlib.import_module(modname)
          ^^^^^^^^^^^^^^^^^^^^^^^^^^^^^^^^
/Library/Frameworks/Python.framework/Versions/3.11/lib/python3.11/importlib/__init__.py:126: in import_module
    return _bootstrap._gcd_import(name[level:], package, level)
           ^^^^^^^^^^^^^^^^^^^^^^^^^^^^^^^^^^^^^^^^^^^^^^^^^^^^
<frozen importlib._bootstrap>:1206: in _gcd_import
    ???
<frozen importlib._bootstrap>:1178: in _find_and_load
    ???
_ _ _ _ _ _ _ _ _ _ _ _ _ _ _ _ _ _ _ _ _ _ _ _ _ _ _ _ _ _ _ _ _ _ _ _ _ _ _ _ 

name = 'realtime_groups', import_ = <function _gcd_import at 0x104903d80>

>   ???
E   ModuleNotFoundError: No module named 'realtime_groups'

<frozen importlib._bootstrap>:1142: ModuleNotFoundError
=========================== short test summary info ============================
ERROR realtime_groups/backend/tests/test_social.py::TestReputationEngine::test_add_karma_positive
ERROR realtime_groups/backend/tests/test_social.py::TestReputationEngine::test_karma_floored_at_zero
ERROR realtime_groups/backend/tests/test_social.py::TestReputationEngine::test_profile_not_found_raises
ERROR realtime_groups/backend/tests/test_social.py::TestArenaPublish::test_publish_success
ERROR realtime_groups/backend/tests/test_social.py::TestArenaPublish::test_publish_wrong_owner_forbidden
ERROR realtime_groups/backend/tests/test_social.py::TestArenaPublish::test_publish_pending_validation_rejected
ERROR realtime_groups/backend/tests/test_social.py::TestPollVoting::test_poll_vote_registers
ERROR realtime_groups/backend/tests/test_social.py::TestPollVoting::test_poll_double_vote_rejected
ERROR realtime_groups/backend/tests/test_social.py::TestAIModerator::test_groq_catches_toxic_content
ERROR realtime_groups/backend/tests/test_social.py::TestAIModerator::test_clean_content_no_action
============================== 10 errors in 0.74s ==============================
